	Exporter version: 4.6.1, Blender version: 2.78 (sub 0)
========= Conversion from Blender to Babylon.js =========
	Scene settings used:
		selected layers only:  false
		flat shading entire scene:  false
		inline textures:  false
		texture directory:  C:\Users\Greg Pickart\Documents\GitHub\solarsystem\scenes\
	Python World class constructor completed
	WARNING: The following object (type - CURVE) is not currently exportable thus ignored: BezierCircle.004
	processing begun of mesh:  Mars
		animation processing begun
			processing action BezierCircle.001Action:  in[1 - 24], out[0 - 24]
			processing action BezierCircle.001Action.001:  in[1 - 24], out[30 - 54]
			processing action BezierCircle.001Action.002:  in[1 - 24], out[60 - 84]
			processing action BezierCircle.002Action:  in[1 - 24], out[90 - 114]
			processing action BezierCircle.002Action.001:  in[1 - 24], out[120 - 144]
			processing action BezierCircle.002Action.002:  in[1 - 24], out[150 - 174]
			processing action BezierCircle.002Action.003:  in[1 - 24], out[180 - 204]
			processing action BezierCircle.002Action.004:  in[1 - 24], out[210 - 234]
			processing action BezierCircle.002Action.005:  in[1 - 24], out[240 - 264]
			processing action BezierCircle.002Action.006:  in[1 - 24], out[270 - 294]
			processing action BezierCircle.003Action:  in[1 - 24], out[300 - 324]
			processing action BezierCircle.003Action.001:  in[1 - 24], out[330 - 354]
			processing action BezierCircle.004Action:  in[1 - 24], out[360 - 384]
			processing action BezierCircle.004Action.001:  in[1 - 24], out[390 - 414]
			processing action BezierCircleAction:  in[1 - 24], out[420 - 444]
			processing action BezierCircleAction.001:  in[1 - 24], out[450 - 474]
			processing action BezierCircleAction.002:  in[1 - 24], out[480 - 504]
			processing action BezierCircleAction.003:  in[1 - 24], out[510 - 534]
			processing action BezierCircleAction.004:  in[1 - 24], out[540 - 564]
			processing action EarthAction.010:  in[1 - 24], out[570 - 594]
			processing action Icosphere.001Action:  in[1 - 720], out[600 - 1320]
			processing action IcosphereAction:  in[1 - 720], out[1330 - 2050]
			processing action MarsAction:  in[1 - 24], out[2060 - 2084]
			processing action MercuryAction.002:  in[1 - 1416], out[2090 - 3506]
			processing action VenusAction:  in[1 - 5832], out[3520 - 9352]
		processing begun of Standard material:  Material.001
			WARNING: Mesh has no UV maps, material:  "Texture.002" ignored
		num positions      :  994
		num normals        :  994
		num uvs            :  0
		num uvs2           :  0
		num colors         :  0
		num indices        :  5952
	WARNING: The following object (type - CURVE) is not currently exportable thus ignored: BezierCircle.003
	processing begun of mesh:  Venus
		animation processing begun
			processing action BezierCircle.001Action:  in[1 - 5832], out[0 - 5832]
			processing action BezierCircle.001Action.001:  in[1 - 5832], out[5840 - 11672]
			processing action BezierCircle.001Action.002:  in[1 - 5832], out[11680 - 17512]
			processing action BezierCircle.002Action:  in[1 - 5832], out[17520 - 23352]
			processing action BezierCircle.002Action.001:  in[1 - 5832], out[23360 - 29192]
			processing action BezierCircle.002Action.002:  in[1 - 5832], out[29200 - 35032]
			processing action BezierCircle.002Action.003:  in[1 - 5832], out[35040 - 40872]
			processing action BezierCircle.002Action.004:  in[1 - 5832], out[40880 - 46712]
			processing action BezierCircle.002Action.005:  in[1 - 5832], out[46720 - 52552]
			processing action BezierCircle.002Action.006:  in[1 - 5832], out[52560 - 58392]
			processing action BezierCircle.003Action:  in[1 - 5832], out[58400 - 64232]
			processing action BezierCircle.003Action.001:  in[1 - 5832], out[64240 - 70072]
			processing action BezierCircle.004Action:  in[1 - 5832], out[70080 - 75912]
			processing action BezierCircle.004Action.001:  in[1 - 5832], out[75920 - 81752]
			processing action BezierCircleAction:  in[1 - 5832], out[81760 - 87592]
			processing action BezierCircleAction.001:  in[1 - 5832], out[87600 - 93432]
			processing action BezierCircleAction.002:  in[1 - 5832], out[93440 - 99272]
			processing action BezierCircleAction.003:  in[1 - 5832], out[99280 - 105112]
			processing action BezierCircleAction.004:  in[1 - 5832], out[105120 - 110952]
			processing action EarthAction.010:  in[1 - 24], out[110960 - 110984]
			processing action Icosphere.001Action:  in[1 - 720], out[110990 - 111710]
			processing action IcosphereAction:  in[1 - 720], out[111720 - 112440]
			processing action MarsAction:  in[1 - 24], out[112450 - 112474]
			processing action MercuryAction.002:  in[1 - 1416], out[112480 - 113896]
			processing action VenusAction:  in[1 - 5832], out[113910 - 119742]
		processing begun of Standard material:  Material.003
			WARNING: Mesh has no UV maps, material:  "Texture.003" ignored
		num positions      :  994
		num normals        :  994
		num uvs            :  0
		num uvs2           :  0
		num colors         :  0
		num indices        :  5952
	WARNING: The following object (type - CURVE) is not currently exportable thus ignored: BezierCircle.001
	processing begun of mesh:  Mercury
		animation processing begun
			processing action BezierCircle.001Action:  in[1 - 1416], out[0 - 1416]
			processing action BezierCircle.001Action.001:  in[1 - 1416], out[1430 - 2846]
			processing action BezierCircle.001Action.002:  in[1 - 1416], out[2860 - 4276]
			processing action BezierCircle.002Action:  in[1 - 1416], out[4290 - 5706]
			processing action BezierCircle.002Action.001:  in[1 - 1416], out[5720 - 7136]
			processing action BezierCircle.002Action.002:  in[1 - 1416], out[7150 - 8566]
			processing action BezierCircle.002Action.003:  in[1 - 1416], out[8580 - 9996]
			processing action BezierCircle.002Action.004:  in[1 - 1416], out[10010 - 11426]
			processing action BezierCircle.002Action.005:  in[1 - 1416], out[11440 - 12856]
			processing action BezierCircle.002Action.006:  in[1 - 1416], out[12870 - 14286]
			processing action BezierCircle.003Action:  in[1 - 1416], out[14300 - 15716]
			processing action BezierCircle.003Action.001:  in[1 - 1416], out[15730 - 17146]
			processing action BezierCircle.004Action:  in[1 - 1416], out[17160 - 18576]
			processing action BezierCircle.004Action.001:  in[1 - 1416], out[18590 - 20006]
			processing action BezierCircleAction:  in[1 - 1416], out[20020 - 21436]
			processing action BezierCircleAction.001:  in[1 - 1416], out[21450 - 22866]
			processing action BezierCircleAction.002:  in[1 - 1416], out[22880 - 24296]
			processing action BezierCircleAction.003:  in[1 - 1416], out[24310 - 25726]
			processing action BezierCircleAction.004:  in[1 - 1416], out[25740 - 27156]
			processing action EarthAction.010:  in[1 - 24], out[27170 - 27194]
			processing action Icosphere.001Action:  in[1 - 720], out[27200 - 27920]
			processing action IcosphereAction:  in[1 - 720], out[27930 - 28650]
			processing action MarsAction:  in[1 - 24], out[28660 - 28684]
			processing action MercuryAction.002:  in[1 - 1416], out[28690 - 30106]
			processing action VenusAction:  in[1 - 5832], out[30120 - 35952]
		processing begun of Standard material:  Material.004
			WARNING: Mesh has no UV maps, material:  "Texture.004" ignored
		num positions      :  994
		num normals        :  994
		num uvs            :  0
		num uvs2           :  0
		num colors         :  0
		num indices        :  5952
	WARNING: The following object (type - CURVE) is not currently exportable thus ignored: BezierCircle
	processing begun of mesh:  Atmo
		processing begun of Standard material:  Fresnel
		num positions      :  994
		num normals        :  994
		num uvs            :  0
		num uvs2           :  0
		num colors         :  0
		num indices        :  5952
	WARNING: The following object (type - CURVE) is not currently exportable thus ignored: BezierCircle.002
	processing begun of mesh:  Moon
		processing begun of Standard material:  Material
			WARNING: Mesh has no UV maps, material:  "Texture" ignored
		num positions      :  994
		num normals        :  994
		num uvs            :  0
		num uvs2           :  0
		num colors         :  0
		num indices        :  5952
	processing begun of mesh:  Earth
		animation processing begun
			processing action BezierCircle.001Action:  in[1 - 24], out[0 - 24]
			processing action BezierCircle.001Action.001:  in[1 - 24], out[30 - 54]
			processing action BezierCircle.001Action.002:  in[1 - 24], out[60 - 84]
			processing action BezierCircle.002Action:  in[1 - 24], out[90 - 114]
			processing action BezierCircle.002Action.001:  in[1 - 24], out[120 - 144]
			processing action BezierCircle.002Action.002:  in[1 - 24], out[150 - 174]
			processing action BezierCircle.002Action.003:  in[1 - 24], out[180 - 204]
			processing action BezierCircle.002Action.004:  in[1 - 24], out[210 - 234]
			processing action BezierCircle.002Action.005:  in[1 - 24], out[240 - 264]
			processing action BezierCircle.002Action.006:  in[1 - 24], out[270 - 294]
			processing action BezierCircle.003Action:  in[1 - 24], out[300 - 324]
			processing action BezierCircle.003Action.001:  in[1 - 24], out[330 - 354]
			processing action BezierCircle.004Action:  in[1 - 24], out[360 - 384]
			processing action BezierCircle.004Action.001:  in[1 - 24], out[390 - 414]
			processing action BezierCircleAction:  in[1 - 24], out[420 - 444]
			processing action BezierCircleAction.001:  in[1 - 24], out[450 - 474]
			processing action BezierCircleAction.002:  in[1 - 24], out[480 - 504]
			processing action BezierCircleAction.003:  in[1 - 24], out[510 - 534]
			processing action BezierCircleAction.004:  in[1 - 24], out[540 - 564]
			processing action EarthAction.010:  in[1 - 24], out[570 - 594]
			processing action Icosphere.001Action:  in[1 - 720], out[600 - 1320]
			processing action IcosphereAction:  in[1 - 720], out[1330 - 2050]
			processing action MarsAction:  in[1 - 24], out[2060 - 2084]
			processing action MercuryAction.002:  in[1 - 1416], out[2090 - 3506]
			processing action VenusAction:  in[1 - 5832], out[3520 - 9352]
		processing begun of Standard material:  Material.002
			WARNING: Mesh has no UV maps, material:  "Texture.001" ignored
		num positions      :  994
		num normals        :  994
		num uvs            :  0
		num uvs2           :  0
		num colors         :  0
		num indices        :  5952
	processing begun of camera (FreeCamera):  Camera
	processing begun of mesh:  Icosphere.001
		animation processing begun
			processing action BezierCircle.001Action:  in[1 - 720], out[0 - 720]
			processing action BezierCircle.001Action.001:  in[1 - 720], out[730 - 1450]
			processing action BezierCircle.001Action.002:  in[1 - 720], out[1460 - 2180]
			processing action BezierCircle.002Action:  in[1 - 720], out[2190 - 2910]
			processing action BezierCircle.002Action.001:  in[1 - 720], out[2920 - 3640]
			processing action BezierCircle.002Action.002:  in[1 - 720], out[3650 - 4370]
			processing action BezierCircle.002Action.003:  in[1 - 720], out[4380 - 5100]
			processing action BezierCircle.002Action.004:  in[1 - 720], out[5110 - 5830]
			processing action BezierCircle.002Action.005:  in[1 - 720], out[5840 - 6560]
			processing action BezierCircle.002Action.006:  in[1 - 720], out[6570 - 7290]
			processing action BezierCircle.003Action:  in[1 - 720], out[7300 - 8020]
			processing action BezierCircle.003Action.001:  in[1 - 720], out[8030 - 8750]
			processing action BezierCircle.004Action:  in[1 - 720], out[8760 - 9480]
			processing action BezierCircle.004Action.001:  in[1 - 720], out[9490 - 10210]
			processing action BezierCircleAction:  in[1 - 720], out[10220 - 10940]
			processing action BezierCircleAction.001:  in[1 - 720], out[10950 - 11670]
			processing action BezierCircleAction.002:  in[1 - 720], out[11680 - 12400]
			processing action BezierCircleAction.003:  in[1 - 720], out[12410 - 13130]
			processing action BezierCircleAction.004:  in[1 - 720], out[13140 - 13860]
			processing action EarthAction.010:  in[1 - 24], out[13870 - 13894]
			processing action Icosphere.001Action:  in[1 - 720], out[13900 - 14620]
			processing action IcosphereAction:  in[1 - 720], out[14630 - 15350]
			processing action MarsAction:  in[1 - 24], out[15360 - 15384]
			processing action MercuryAction.002:  in[1 - 1416], out[15390 - 16806]
			processing action VenusAction:  in[1 - 5832], out[16820 - 22652]
		processing begun of baked material:  Icosphere.001
			Internal baking texture, type: TEXTURE, mapped using: BakingUV
			Internal baking texture, type: ALPHA, mapped using: BakingUV
			Internal baking texture, type: EMIT, mapped using: BakingUV
		num positions      :  64667
		num normals        :  64667
		num uvs            :  129334
		num uvs2           :  0
		num colors         :  0
		num indices        :  368640
	processing begun of mesh:  Icosphere
		animation processing begun
			processing action BezierCircle.001Action:  in[1 - 720], out[0 - 720]
			processing action BezierCircle.001Action.001:  in[1 - 720], out[730 - 1450]
			processing action BezierCircle.001Action.002:  in[1 - 720], out[1460 - 2180]
			processing action BezierCircle.002Action:  in[1 - 720], out[2190 - 2910]
			processing action BezierCircle.002Action.001:  in[1 - 720], out[2920 - 3640]
			processing action BezierCircle.002Action.002:  in[1 - 720], out[3650 - 4370]
			processing action BezierCircle.002Action.003:  in[1 - 720], out[4380 - 5100]
			processing action BezierCircle.002Action.004:  in[1 - 720], out[5110 - 5830]
			processing action BezierCircle.002Action.005:  in[1 - 720], out[5840 - 6560]
			processing action BezierCircle.002Action.006:  in[1 - 720], out[6570 - 7290]
			processing action BezierCircle.003Action:  in[1 - 720], out[7300 - 8020]
			processing action BezierCircle.003Action.001:  in[1 - 720], out[8030 - 8750]
			processing action BezierCircle.004Action:  in[1 - 720], out[8760 - 9480]
			processing action BezierCircle.004Action.001:  in[1 - 720], out[9490 - 10210]
			processing action BezierCircleAction:  in[1 - 720], out[10220 - 10940]
			processing action BezierCircleAction.001:  in[1 - 720], out[10950 - 11670]
			processing action BezierCircleAction.002:  in[1 - 720], out[11680 - 12400]
			processing action BezierCircleAction.003:  in[1 - 720], out[12410 - 13130]
			processing action BezierCircleAction.004:  in[1 - 720], out[13140 - 13860]
			processing action EarthAction.010:  in[1 - 24], out[13870 - 13894]
			processing action Icosphere.001Action:  in[1 - 720], out[13900 - 14620]
			processing action IcosphereAction:  in[1 - 720], out[14630 - 15350]
			processing action MarsAction:  in[1 - 24], out[15360 - 15384]
			processing action MercuryAction.002:  in[1 - 1416], out[15390 - 16806]
			processing action VenusAction:  in[1 - 5832], out[16820 - 22652]
		processing begun of baked material:  Icosphere
			Internal baking texture, type: TEXTURE, mapped using: BakingUV
			Internal baking texture, type: EMIT, mapped using: BakingUV
		num positions      :  11504
		num normals        :  11504
		num uvs            :  23008
		num uvs2           :  0
		num colors         :  0
		num indices        :  61440
	processing begun of light (POINT):  Point
========= Writing of scene file started =========
========= Writing of scene file completed =========
========= end of processing =========
elapsed time:  0 min, 19.5152 secs
